2023-10-15 20:37:04 - The latest date in the CSV file is: 2023-10-14
2023-10-15 21:25:30 - The latest date in the CSV file is: 2023-10-14
2023-10-15 21:41:42 - The latest date in the CSV file is: 2023-10-14
2023-10-15 22:25:33 - The latest date in the CSV file is: 2023-10-14
2023-10-15 22:30:33 - The latest date in the CSV file is: 2023-10-14
2023-10-16 12:27:00 - The latest date in the CSV file is: 2023-10-14
2023-10-16 14:07:10 - The latest date in the CSV file is: 2023-10-14
2023-10-16 14:25:32 - The latest date in the CSV file is: 2023-10-14
2023-10-16 14:30:35 - The latest date in the CSV file is: 2023-10-14
2023-10-16 15:25:32 - The latest date in the CSV file is: 2023-10-14
2023-10-16 15:30:31 - The latest date in the CSV file is: 2023-10-14
2023-10-16 16:30:34 - The latest date in the CSV file is: 2023-10-14
2023-10-16 17:25:31 - The latest date in the CSV file is: 2023-10-14
2023-10-16 18:25:33 - The latest date in the CSV file is: 2023-10-14
2023-10-16 19:25:31 - The latest date in the CSV file is: 2023-10-14
2023-11-19 22:34:55 - The latest date in the CSV file is: 2023-11-18
2023-11-19 23:15:53 - File not found: path/to/deaths_malaysia.csv
2023-11-19 23:32:48 - File not found: path/to/deaths_malaysia.csv
2023-11-19 23:36:45 - File not found: path/to/deaths_malaysia.csv
2023-11-20 09:32:49 - File not found: path/to/deaths_malaysia.csv
2023-11-20 10:32:48 - File not found: path/to/deaths_malaysia.csv
2023-11-20 10:35:41 - File not found: path/to/deaths_malaysia.csv
2023-11-20 11:32:48 - File not found: path/to/deaths_malaysia.csv
2023-11-20 11:35:37 - File not found: path/to/deaths_malaysia.csv
2023-11-20 12:32:48 - File not found: path/to/deaths_malaysia.csv
2023-11-20 12:35:37 - File not found: path/to/deaths_malaysia.csv
2023-11-20 13:31:53 - File not found: path/to/deaths_malaysia.csv
2023-11-20 13:32:48 - File not found: path/to/deaths_malaysia.csv
2023-11-20 13:35:36 - File not found: path/to/deaths_malaysia.csv
2023-11-20 13:37:47 - The latest date in the CSV file is: 2023-10-14
2023-11-20 14:32:48 - The latest date in the CSV file is: 2023-10-14
2023-11-20 14:35:37 - The latest date in the CSV file is: 2023-10-14
2023-11-20 15:32:48 - The latest date in the CSV file is: 2023-10-14
2023-11-20 15:35:42 - The latest date in the CSV file is: 2023-10-14
2023-11-20 16:35:37 - The latest date in the CSV file is: 2023-10-14
2023-11-20 17:35:37 - The latest date in the CSV file is: 2023-10-14
2023-11-20 18:35:39 - The latest date in the CSV file is: 2023-10-14
2023-11-20 19:32:49 - The latest date in the CSV file is: 2023-10-14
2023-11-20 19:35:37 - The latest date in the CSV file is: 2023-10-14
2023-11-20 20:32:48 - The latest date in the CSV file is: 2023-10-14
2023-11-20 20:35:39 - The latest date in the CSV file is: 2023-10-14
2023-11-20 21:32:48 - The latest date in the CSV file is: 2023-10-14
2023-11-20 21:35:40 - The latest date in the CSV file is: 2023-10-14
2023-11-20 22:35:37 - The latest date in the CSV file is: 2023-10-14
2023-11-20 22:37:10 - The latest date in the CSV file is: 2023-10-14
2023-11-20 22:39:06 - The latest date in the CSV file is: 2023-11-18
2023-11-20 22:41:15 - The latest date in the CSV file is: 2023-11-18
2023-11-20 22:42:11 - The latest date in the CSV file is: 2023-10-14
2023-11-20 22:44:13 - The latest date in the CSV file is: 2023-11-18
2023-11-20 22:57:02 - The latest date in the CSV file is: 2023-10-14
2023-11-20 23:04:09 - The latest date in the CSV file is: 2023-11-18
2023-11-20 23:07:25 - The latest date in the CSV file is: 2023-10-14
2023-11-28 00:51:40 - The latest date in the CSV file is: 2023-11-25
Download progress: 10.42%
Download progress: 20.83%
Download progress: 31.25%
Download progress: 41.66%
Download progress: 52.08%
Download progress: 62.50%
Download progress: 72.91%
Download progress: 83.33%
Download progress: 93.74%
Download progress: 104.16%
Download progress: 114.58%
Download progress: 124.99%
Download progress: 135.41%
Download progress: 145.82%
Download progress: 156.24%
Download progress: 166.66%
Download progress: 177.07%
Download progress: 187.49%
Download progress: 197.90%
Download progress: 208.32%
Download progress: 218.74%
Download progress: 229.15%
Download progress: 239.57%
Download progress: 249.98%
Download progress: 260.40%
Download progress: 270.82%
Download progress: 281.23%
Download progress: 291.65%
Download progress: 302.06%
Download progress: 312.48%
Download progress: 322.90%
Download progress: 333.31%
Download progress: 343.73%
Download progress: 354.15%
Download progress: 364.56%
Download progress: 374.98%
Download progress: 385.39%
Download progress: 395.81%
Download progress: 406.23%
Download progress: 416.64%
Download progress: 422.37%
Error: I/O operation on closed file.
2023-11-28 01:32:08 - File 'deaths_malaysia.csv' downloaded successfully to 'C:\Users\thong\OneDrive\Documents\code\malaysia_covid-19 cases\covid-19 webside'.
2023-11-28 01:56:59 - File 'deaths_malaysia.csv' downloaded successfully to 'C:\Users\thong\OneDrive\Documents\code\malaysia_covid-19 cases\covid-19 webside'.
2023-11-28 01:57:12 - File 'deaths_malaysia.csv' downloaded successfully to 'C:\Users\thong\OneDrive\Documents\code\malaysia_covid-19 cases\covid-19 webside'.
2023-11-28 01:59:35 - File 'deaths_malaysia.csv' downloaded successfully to 'C:\Users\thong\OneDrive\Documents\code\malaysia_covid-19 cases\covid-19 webside'.
